Arguments: 
  /usr/local/Cellar/node@14/14.16.1_1/bin/node /usr/local/bin/yarn

PATH: 
  /usr/local/opt/node@14/bin:/usr/local/bin:/usr/bin:/bin:/usr/sbin:/sbin:/Users/phunx2/flutter/bin:/Applications/VMware Fusion.app/Contents/Public:/usr/local/share/dotnet:~/.dotnet/tools:/Library/Apple/usr/bin:/Library/Frameworks/Mono.framework/Versions/Current/Commands:/Applications/Xamarin Workbooks.app/Contents/SharedSupport/path-bin:/usr/local/opt/node@14/bin

Yarn version: 
  1.22.10

Node version: 
  14.16.1

Platform: 
  darwin x64

Trace: 
  Error: read ECONNABORTED
      at TLSWrap.onStreamRead (internal/stream_base_commons.js:209:20)

npm manifest: 
  {
      "name": "skote",
      "version": "1.0.0",
      "private": true,
      "dependencies": {
          "@fullcalendar/bootstrap": "^4.3.0",
          "@fullcalendar/daygrid": "^4.3.0",
          "@fullcalendar/interaction": "^4.3.0",
          "@fullcalendar/react": "^4.3.0",
          "@lourenci/react-kanban": "^1.1.0",
          "@testing-library/jest-dom": "^4.2.4",
          "@testing-library/react": "^9.3.2",
          "@testing-library/user-event": "^7.1.2",
          "@toast-ui/react-chart": "^1.0.2",
          "@vtaits/react-color-picker": "^0.1.1",
          "AsyncStorage": "^0.1.5",
          "apexcharts": "^3.19.0",
          "apisauce": "^1.1.1",
          "availity-reactstrap-validation": "^2.6.1",
          "axios": "^0.19.1",
          "bootstrap": "^4.4.1",
          "chart.js": "^2.9.3",
          "chartist": "^0.11.4",
          "draft-js": "^0.11.4",
          "echarts": "^4.7.0",
          "echarts-for-react": "^2.0.15-beta.1",
          "firebase": "^7.14.2",
          "google-maps-react": "^2.0.6",
          "locale": "^0.1.0",
          "lodash.clonedeep": "^4.5.0",
          "mdbreact": "^4.26.0",
          "metismenujs": "^1.2.0",
          "mkdirp": "^1.0.4",
          "moment": "2.18.1",
          "node-sass": "^4.14.0",
          "nouislider-react": "^3.3.7",
          "react": "^16.13.0",
          "react-apexcharts": "^1.3.7",
          "react-bootstrap-editable": "^0.6.1",
          "react-bootstrap-sweetalert": "^5.1.9",
          "react-bootstrap-table-next": "^4.0.1",
          "react-bootstrap-table2-editor": "^1.4.0",
          "react-bootstrap-table2-paginator": "^2.1.2",
          "react-bootstrap-table2-toolkit": "^2.1.2",
          "react-chartist": "^0.14.3",
          "react-chartjs-2": "^2.9.0",
          "react-color": "^2.18.0",
          "react-countdown": "^2.2.1",
          "react-datepicker": "^2.14.1",
          "react-dom": "^16.13.0",
          "react-draft-wysiwyg": "^1.14.5",
          "react-dropzone": "^10.2.1",
          "react-image-lightbox": "^5.1.1",
          "react-input-mask": "^2.0.4",
          "react-jvectormap": "^0.0.16",
          "react-modal-video": "^1.2.3",
          "react-perfect-scrollbar": "^1.5.8",
          "react-rangeslider": "^2.2.0",
          "react-rating": "^2.0.4",
          "react-rating-tooltip": "^1.1.6",
          "react-redux": "^7.2.6",
          "react-router-dom": "^5.1.2",
          "react-scripts": "3.4.0",
          "react-select": "^3.0.8",
          "react-sparklines": "^1.7.0",
          "react-star-ratings": "^2.3.0",
          "react-super-responsive-table": "^5.1.1",
          "react-switch": "^5.0.1",
          "reactstrap": "^8.4.1",
          "redux": "^4.0.5",
          "redux-devtools-extension": "^2.13.8",
          "redux-form": "^8.3.5",
          "redux-logger": "^3.0.6",
          "redux-persist": "^5.10.0",
          "redux-saga": "^1.1.3",
          "redux-thunk": "^2.3.0",
          "simplebar-react": "^2.1.0",
          "styled-components": "^5.1.0"
      },
      "scripts": {
          "start": "react-scripts start",
          "build": "react-scripts --max_old_space_size=8096 build",
          "test": "react-scripts test",
          "eject": "react-scripts eject"
      },
      "eslintConfig": {
          "extends": "react-app"
      },
      "browserslist": {
          "production": [
              ">0.2%",
              "not dead",
              "not op_mini all"
          ],
          "development": [
              "last 1 chrome version",
              "last 1 firefox version",
              "last 1 safari version"
          ]
      }
  }

yarn manifest: 
  No manifest

Lockfile: 
  No lockfile
